<?xml version="1.0" encoding="UTF-8"?>
<testsuite xmlns:xsi="http://www.w3.org/2001/XMLSchema-instance" xsi:noNamespaceSchemaLocation="https://maven.apache.org/surefire/maven-surefire-plugin/xsd/surefire-test-report-3.0.xsd" version="3.0" name="in.InternshipStudio.AppTest" time="0.012" tests="1" errors="0" skipped="0" failures="0">
  <properties>
    <property name="java.specification.version" value="24"/>
    <property name="sun.jnu.encoding" value="UTF-8"/>
    <property name="java.class.path" value="/Users/ajaychhonker/Desktop/DevOps Projects/01-Maven-SA-App/target/test-classes:/Users/ajaychhonker/Desktop/DevOps Projects/01-Maven-SA-App/target/classes:/Users/ajaychhonker/.m2/repository/junit/junit/3.8.1/junit-3.8.1.jar:/Users/ajaychhonker/.m2/repository/org/springframework/spring-context/7.0.0-M6/spring-context-7.0.0-M6.jar:/Users/ajaychhonker/.m2/repository/org/springframework/spring-aop/7.0.0-M6/spring-aop-7.0.0-M6.jar:/Users/ajaychhonker/.m2/repository/org/springframework/spring-beans/7.0.0-M6/spring-beans-7.0.0-M6.jar:/Users/ajaychhonker/.m2/repository/org/springframework/spring-core/7.0.0-M6/spring-core-7.0.0-M6.jar:/Users/ajaychhonker/.m2/repository/commons-logging/commons-logging/1.3.5/commons-logging-1.3.5.jar:/Users/ajaychhonker/.m2/repository/org/jspecify/jspecify/1.0.0/jspecify-1.0.0.jar:/Users/ajaychhonker/.m2/repository/org/springframework/spring-expression/7.0.0-M6/spring-expression-7.0.0-M6.jar:/Users/ajaychhonker/.m2/repository/io/micrometer/micrometer-observation/1.15.1/micrometer-observation-1.15.1.jar:/Users/ajaychhonker/.m2/repository/io/micrometer/micrometer-commons/1.15.1/micrometer-commons-1.15.1.jar:"/>
    <property name="java.vm.vendor" value="Oracle Corporation"/>
    <property name="sun.arch.data.model" value="64"/>
    <property name="java.vendor.url" value="https://java.oracle.com/"/>
    <property name="os.name" value="Mac OS X"/>
    <property name="java.vm.specification.version" value="24"/>
    <property name="sun.java.launcher" value="SUN_STANDARD"/>
    <property name="user.country" value="US"/>
    <property name="sun.boot.library.path" value="/Library/Java/JavaVirtualMachines/jdk-24.jdk/Contents/Home/lib"/>
    <property name="sun.java.command" value="/Users/ajaychhonker/Desktop/DevOps Projects/01-Maven-SA-App/target/surefire/surefirebooter-20250714212353321_3.jar /Users/ajaychhonker/Desktop/DevOps Projects/01-Maven-SA-App/target/surefire 2025-07-14T21-23-52_757-jvmRun1 surefire-20250714212353321_1tmp surefire_0-20250714212353321_2tmp"/>
    <property name="http.nonProxyHosts" value="local|*.local|169.254/16|*.169.254/16"/>
    <property name="jdk.debug" value="release"/>
    <property name="surefire.test.class.path" value="/Users/ajaychhonker/Desktop/DevOps Projects/01-Maven-SA-App/target/test-classes:/Users/ajaychhonker/Desktop/DevOps Projects/01-Maven-SA-App/target/classes:/Users/ajaychhonker/.m2/repository/junit/junit/3.8.1/junit-3.8.1.jar:/Users/ajaychhonker/.m2/repository/org/springframework/spring-context/7.0.0-M6/spring-context-7.0.0-M6.jar:/Users/ajaychhonker/.m2/repository/org/springframework/spring-aop/7.0.0-M6/spring-aop-7.0.0-M6.jar:/Users/ajaychhonker/.m2/repository/org/springframework/spring-beans/7.0.0-M6/spring-beans-7.0.0-M6.jar:/Users/ajaychhonker/.m2/repository/org/springframework/spring-core/7.0.0-M6/spring-core-7.0.0-M6.jar:/Users/ajaychhonker/.m2/repository/commons-logging/commons-logging/1.3.5/commons-logging-1.3.5.jar:/Users/ajaychhonker/.m2/repository/org/jspecify/jspecify/1.0.0/jspecify-1.0.0.jar:/Users/ajaychhonker/.m2/repository/org/springframework/spring-expression/7.0.0-M6/spring-expression-7.0.0-M6.jar:/Users/ajaychhonker/.m2/repository/io/micrometer/micrometer-observation/1.15.1/micrometer-observation-1.15.1.jar:/Users/ajaychhonker/.m2/repository/io/micrometer/micrometer-commons/1.15.1/micrometer-commons-1.15.1.jar:"/>
    <property name="sun.cpu.endian" value="little"/>
    <property name="user.home" value="/Users/ajaychhonker"/>
    <property name="user.language" value="en"/>
    <property name="java.specification.vendor" value="Oracle Corporation"/>
    <property name="java.version.date" value="2025-04-15"/>
    <property name="java.home" value="/Library/Java/JavaVirtualMachines/jdk-24.jdk/Contents/Home"/>
    <property name="file.separator" value="/"/>
    <property name="basedir" value="/Users/ajaychhonker/Desktop/DevOps Projects/01-Maven-SA-App"/>
    <property name="java.vm.compressedOopsMode" value="Zero based"/>
    <property name="line.separator" value="&#10;"/>
    <property name="java.vm.specification.vendor" value="Oracle Corporation"/>
    <property name="java.specification.name" value="Java Platform API Specification"/>
    <property name="apple.awt.application.name" value="ForkedBooter"/>
    <property name="surefire.real.class.path" value="/Users/ajaychhonker/Desktop/DevOps Projects/01-Maven-SA-App/target/surefire/surefirebooter-20250714212353321_3.jar"/>
    <property name="sun.management.compiler" value="HotSpot 64-Bit Tiered Compilers"/>
    <property name="ftp.nonProxyHosts" value="local|*.local|169.254/16|*.169.254/16"/>
    <property name="java.runtime.version" value="24.0.1+9-30"/>
    <property name="user.name" value="ajaychhonker"/>
    <property name="stdout.encoding" value="UTF-8"/>
    <property name="path.separator" value=":"/>
    <property name="os.version" value="15.5"/>
    <property name="java.runtime.name" value="Java(TM) SE Runtime Environment"/>
    <property name="file.encoding" value="UTF-8"/>
    <property name="java.vm.name" value="Java HotSpot(TM) 64-Bit Server VM"/>
    <property name="localRepository" value="/Users/ajaychhonker/.m2/repository"/>
    <property name="java.vendor.url.bug" value="https://bugreport.java.com/bugreport/"/>
    <property name="java.io.tmpdir" value="/var/folders/31/lyn1p_hj6ddbj3snvxx91ctc0000gn/T/"/>
    <property name="java.version" value="24.0.1"/>
    <property name="user.dir" value="/Users/ajaychhonker/Desktop/DevOps Projects/01-Maven-SA-App"/>
    <property name="os.arch" value="aarch64"/>
    <property name="java.vm.specification.name" value="Java Virtual Machine Specification"/>
    <property name="native.encoding" value="UTF-8"/>
    <property name="java.library.path" value="/Users/ajaychhonker/Library/Java/Extensions:/Library/Java/Extensions:/Network/Library/Java/Extensions:/System/Library/Java/Extensions:/usr/lib/java:."/>
    <property name="java.vm.info" value="mixed mode, sharing"/>
    <property name="stderr.encoding" value="UTF-8"/>
    <property name="java.vendor" value="Oracle Corporation"/>
    <property name="java.vm.version" value="24.0.1+9-30"/>
    <property name="sun.io.unicode.encoding" value="UnicodeBig"/>
    <property name="socksNonProxyHosts" value="local|*.local|169.254/16|*.169.254/16"/>
    <property name="java.class.version" value="68.0"/>
  </properties>
  <testcase name="testApp" classname="in.InternshipStudio.AppTest" time="0.001"/>
</testsuite>